<?xml version="1.0" encoding="UTF-8"?>
<!-- Generated by org.testng.reporters.JUnitXMLReporter -->
<testsuite ignored="0" hostname="GSrilekha" failures="0" tests="3" name="Test" time="47.805" errors="0" timestamp="2025-02-22T23:51:12 IST">
  <testcase classname="TestCases.AddEmployeTest" name="PimEmpV" time="11.468"/>
  <testcase classname="TestCases.InvalidLoginTest" name="Invalidelogin" time="1.966"/>
  <testcase classname="TestCases.LoginpageTest" name="logintest" time="1.514"/>
</testsuite> <!-- Test -->
