<?xml version="1.0" encoding="UTF-8"?>
<testng-results ignored="0" total="2" passed="2" failed="0" skipped="0">
  <reporter-output>
  </reporter-output>
  <suite started-at="2025-02-25T00:35:39 IST" name="Suite" finished-at="2025-02-25T00:36:57 IST" duration-ms="78234">
    <groups>
    </groups>
    <test started-at="2025-02-25T00:35:39 IST" name="Test" finished-at="2025-02-25T00:36:57 IST" duration-ms="78234">
      <class name="TestCases.ConfigureUplodeTest">
        <test-method is-config="true" signature="setup()[pri:0, instance:TestCases.ConfigureUplodeTest@235834f2]" started-at="2025-02-25T00:36:20 IST" name="setup" finished-at="2025-02-25T00:36:34 IST" duration-ms="14509" status="PASS">
          <reporter-output>
          </reporter-output>
        </test-method> <!-- setup -->
        <test-method signature="uplodefile()[pri:0, instance:TestCases.ConfigureUplodeTest@235834f2]" started-at="2025-02-25T00:36:34 IST" name="uplodefile" finished-at="2025-02-25T00:36:57 IST" duration-ms="22850" status="PASS">
          <reporter-output>
          </reporter-output>
        </test-method> <!-- uplodefile -->
        <test-method is-config="true" signature="teardown()[pri:0, instance:TestCases.ConfigureUplodeTest@235834f2]" started-at="2025-02-25T00:36:57 IST" name="teardown" finished-at="2025-02-25T00:36:57 IST" duration-ms="133" status="PASS">
          <reporter-output>
          </reporter-output>
        </test-method> <!-- teardown -->
      </class> <!-- TestCases.ConfigureUplodeTest -->
      <class name="TestCases.EmployeeListTest">
        <test-method is-config="true" signature="setup()[pri:0, instance:TestCases.EmployeeListTest@692f203f]" started-at="2025-02-25T00:35:39 IST" name="setup" finished-at="2025-02-25T00:36:07 IST" duration-ms="28104" status="PASS">
          <reporter-output>
          </reporter-output>
        </test-method> <!-- setup -->
        <test-method signature="Emplist()[pri:0, instance:TestCases.EmployeeListTest@692f203f]" started-at="2025-02-25T00:36:07 IST" name="Emplist" finished-at="2025-02-25T00:36:20 IST" duration-ms="12081" status="PASS">
          <reporter-output>
          </reporter-output>
        </test-method> <!-- Emplist -->
        <test-method is-config="true" signature="teardown()[pri:0, instance:TestCases.EmployeeListTest@692f203f]" started-at="2025-02-25T00:36:20 IST" name="teardown" finished-at="2025-02-25T00:36:20 IST" duration-ms="172" status="PASS">
          <reporter-output>
          </reporter-output>
        </test-method> <!-- teardown -->
      </class> <!-- TestCases.EmployeeListTest -->
    </test> <!-- Test -->
  </suite> <!-- Suite -->
</testng-results>
